<?xml version="1.0" encoding="UTF-8"?>
<!-- Generated by org.testng.reporters.JUnitXMLReporter -->
<testsuite hostname="DESKTOP-JP52KVH" name="Default test" tests="4" failures="0" timestamp="28 Oct 2019 16:08:55 GMT" time="1.692" errors="0">
  <testcase name="Address" time="0.014" classname="Filetestcase.Testcase"/>
  <testcase name="Book" time="0.001" classname="Filetestcase.Testcase"/>
  <testcase name="Desktop" time="0.001" classname="Filetestcase.Testcase"/>
  <testcase name="Login" time="0.001" classname="Filetestcase.Testcase"/>
</testsuite> <!-- Default test -->
