<?xml version="1.0" encoding="UTF-8"?>
<!-- Generated by org.testng.reporters.JUnitXMLReporter -->
<testsuite hostname="DESKTOP-JP52KVH" name="Test" tests="4" failures="0" timestamp="28 Oct 2019 17:01:37 GMT" time="0.752" errors="0">
  <testcase name="Address" time="0.013" classname="Filetestcase.Testcase"/>
  <testcase name="Book" time="0.002" classname="Filetestcase.Testcase"/>
  <testcase name="Desktop" time="0.001" classname="Filetestcase.Testcase"/>
  <testcase name="Login" time="0.001" classname="Filetestcase.Testcase"/>
</testsuite> <!-- Test -->
