<?xml version="1.0" encoding="UTF-8"?>
<!-- Generated by org.testng.reporters.JUnitXMLReporter -->
<testsuite hostname="DESKTOP-JP52KVH" name="Test" tests="4" failures="0" timestamp="29 Oct 2019 09:07:41 GMT" time="0.693" errors="0">
  <testcase name="Address" time="0.001" classname="Filetestcase.Testcase"/>
  <testcase name="Book" time="0.0" classname="Filetestcase.Testcase"/>
  <testcase name="Desktop" time="0.0" classname="Filetestcase.Testcase"/>
  <testcase name="Login" time="0.0" classname="Filetestcase.Testcase"/>
</testsuite> <!-- Test -->
