<?xml version="1.0" encoding="UTF-8"?>
<testng-results skipped="0" failed="0" total="4" passed="4">
  <reporter-output>
  </reporter-output>
  <suite name="Suite" duration-ms="752" started-at="2019-10-28T17:01:36Z" finished-at="2019-10-28T17:01:37Z">
    <groups>
    </groups>
    <test name="Test" duration-ms="752" started-at="2019-10-28T17:01:36Z" finished-at="2019-10-28T17:01:37Z">
      <class name="Filetestcase.Testcase">
        <test-method status="PASS" signature="BeforeClass()[pri:0, instance:Filetestcase.Testcase@6dc17b83]" name="BeforeClass" is-config="true" duration-ms="697" started-at="2019-10-28T22:31:36Z" finished-at="2019-10-28T22:31:36Z">
          <reporter-output>
          </reporter-output>
        </test-method> <!-- BeforeClass -->
        <test-method status="PASS" signature="BrforeTest(java.lang.reflect.Method)[pri:0, instance:Filetestcase.Testcase@6dc17b83]" name="BrforeTest" is-config="true" duration-ms="16" started-at="2019-10-28T22:31:37Z" finished-at="2019-10-28T22:31:37Z">
          <params>
            <param index="0">
              <value>
                <![CDATA[public void Filetestcase.Testcase.Address()]]>
              </value>
            </param>
          </params>
          <reporter-output>
          </reporter-output>
        </test-method> <!-- BrforeTest -->
        <test-method status="PASS" signature="Address()[pri:0, instance:Filetestcase.Testcase@6dc17b83]" name="Address" duration-ms="13" started-at="2019-10-28T22:31:37Z" finished-at="2019-10-28T22:31:37Z">
          <reporter-output>
          </reporter-output>
        </test-method> <!-- Address -->
        <test-method status="PASS" signature="BrforeTest(java.lang.reflect.Method)[pri:0, instance:Filetestcase.Testcase@6dc17b83]" name="BrforeTest" is-config="true" duration-ms="1" started-at="2019-10-28T22:31:37Z" finished-at="2019-10-28T22:31:37Z">
          <params>
            <param index="0">
              <value>
                <![CDATA[public void Filetestcase.Testcase.Book()]]>
              </value>
            </param>
          </params>
          <reporter-output>
          </reporter-output>
        </test-method> <!-- BrforeTest -->
        <test-method status="PASS" signature="Book()[pri:0, instance:Filetestcase.Testcase@6dc17b83]" name="Book" duration-ms="2" started-at="2019-10-28T22:31:37Z" finished-at="2019-10-28T22:31:37Z">
          <reporter-output>
          </reporter-output>
        </test-method> <!-- Book -->
        <test-method status="PASS" signature="BrforeTest(java.lang.reflect.Method)[pri:0, instance:Filetestcase.Testcase@6dc17b83]" name="BrforeTest" is-config="true" duration-ms="1" started-at="2019-10-28T22:31:37Z" finished-at="2019-10-28T22:31:37Z">
          <params>
            <param index="0">
              <value>
                <![CDATA[public void Filetestcase.Testcase.Desktop()]]>
              </value>
            </param>
          </params>
          <reporter-output>
          </reporter-output>
        </test-method> <!-- BrforeTest -->
        <test-method status="PASS" signature="Desktop()[pri:0, instance:Filetestcase.Testcase@6dc17b83]" name="Desktop" duration-ms="1" started-at="2019-10-28T22:31:37Z" finished-at="2019-10-28T22:31:37Z">
          <reporter-output>
          </reporter-output>
        </test-method> <!-- Desktop -->
        <test-method status="PASS" signature="BrforeTest(java.lang.reflect.Method)[pri:0, instance:Filetestcase.Testcase@6dc17b83]" name="BrforeTest" is-config="true" duration-ms="1" started-at="2019-10-28T22:31:37Z" finished-at="2019-10-28T22:31:37Z">
          <params>
            <param index="0">
              <value>
                <![CDATA[public void Filetestcase.Testcase.Login()]]>
              </value>
            </param>
          </params>
          <reporter-output>
          </reporter-output>
        </test-method> <!-- BrforeTest -->
        <test-method status="PASS" signature="Login()[pri:0, instance:Filetestcase.Testcase@6dc17b83]" name="Login" duration-ms="1" started-at="2019-10-28T22:31:37Z" finished-at="2019-10-28T22:31:37Z">
          <reporter-output>
          </reporter-output>
        </test-method> <!-- Login -->
      </class> <!-- Filetestcase.Testcase -->
    </test> <!-- Test -->
  </suite> <!-- Suite -->
</testng-results>
